<?xml version="1.0" encoding="UTF-8"?>
<!-- Generated by org.testng.reporters.JUnitReportReporter -->
<testsuite hostname="LMC-LT-066" failures="0" tests="1" name="TestClass.Login1" time="5.782" errors="0" timestamp="2022-08-17T16:03:54 IST" skipped="0">
  <testcase classname="TestClass.Login1" name="ValidateTitleTest" time="5.782"/>
  <system-out/>
</testsuite> <!-- TestClass.Login1 -->
