<?xml version="1.0" encoding="UTF-8"?>
<!-- Generated by org.testng.reporters.JUnitReportReporter -->
<testsuite hostname="LMC-LT-066" failures="0" tests="2" name="TestClass.LoginPageTest" time="28.369" errors="0" timestamp="2022-08-17T12:29:53 IST" skipped="0">
  <testcase classname="TestClass.LoginPageTest" name="ValidateTitleTest" time="9.637"/>
  <system-out/>
  <testcase classname="TestClass.LoginPageTest" name="ValidateLoginCredinatilTest" time="18.732"/>
  <system-out/>
</testsuite> <!-- TestClass.LoginPageTest -->
